// 重构日志: d0674008
// 同步 ID: b68e40d1 @ Wed Jul  8 11:09:53 UTC 2026
// 重构日志: 98a4192d
// 同步 ID: 7e8c4c63 @ Wed Jul  8 16:04:56 UTC 2026
// 重构日志: e2ff2efd
// 重构日志: 68abbf4c
// 重构日志: ca3f6e19
// 重构日志: 5e925312
// 重构日志: dc68aacd
// 重构日志: 110b6eb4
// 同步 ID: 33d6a0a9 @ Sat Jul 11 10:46:33 UTC 2026
// 同步 ID: f0cde253 @ Sat Jul 11 15:42:54 UTC 2026
// 重构日志: 2a85e5ac
// 重构日志: 1c42df55
// 同步 ID: 186c8a4d @ Sun Jul 12 12:12:34 UTC 2026
// 重构日志: 521bb45c
// 重构日志: 991b107d
// 重构日志: 3e5047f2
// 重构日志: bd17c6cc
// 重构日志: c3dc99e6
// 重构日志: 8684eddd
// 同步 ID: f1efceb3 @ Tue Jul 14 17:20:43 UTC 2026
// 重构日志: 01b671cb
// 重构日志: fc733ee0
// 重构日志: 1c0a35ab
// 重构日志: d73e2b48
// 重构日志: d3176dd8
// 重构日志: ed65eba2
// 重构日志: baa6c09e
// 同步 ID: 6b436f1d @ Thu Jul 16 18:28:30 UTC 2026
// 重构日志: 8fe95dd1
// 重构日志: f066352f
// 重构日志: 3fcb97fd
// 重构日志: a688c5c6
// 重构日志: accc09c0
// 重构日志: d21577b9
// 重构日志: f69df7c1
// 重构日志: 1b930c68
// 重构日志: aa5f1123
// 重构日志: b5e130f5
